<?xml version="1.0" encoding="UTF-8"?>
<testng-results ignored="0" total="1" passed="1" failed="0" skipped="0">
  <reporter-output>
  </reporter-output>
  <suite started-at="2024-03-08T22:48:33 GMT+01:00" name="Suite" finished-at="2024-03-08T22:49:06 GMT+01:00" duration-ms="33005">
    <groups>
    </groups>
    <test started-at="2024-03-08T22:48:33 GMT+01:00" name="Test" finished-at="2024-03-08T22:49:06 GMT+01:00" duration-ms="33005">
      <class name="testCases.FileUploadDemo2">
        <test-method is-config="true" signature="setup()[pri:0, instance:testCases.FileUploadDemo2@6aeb35e6]" started-at="2024-03-08T22:48:33 GMT+01:00" name="setup" finished-at="2024-03-08T22:48:59 GMT+01:00" duration-ms="25825" status="PASS">
          <reporter-output>
          </reporter-output>
        </test-method> <!-- setup -->
        <test-method signature="fileUploadTest()[pri:0, instance:testCases.FileUploadDemo2@6aeb35e6]" started-at="2024-03-08T22:48:59 GMT+01:00" name="fileUploadTest" finished-at="2024-03-08T22:49:06 GMT+01:00" duration-ms="6258" status="PASS">
          <reporter-output>
          </reporter-output>
        </test-method> <!-- fileUploadTest -->
        <test-method is-config="true" signature="tearDown()[pri:0, instance:testCases.FileUploadDemo2@6aeb35e6]" started-at="2024-03-08T22:49:06 GMT+01:00" name="tearDown" finished-at="2024-03-08T22:49:06 GMT+01:00" duration-ms="532" status="PASS">
          <reporter-output>
          </reporter-output>
        </test-method> <!-- tearDown -->
      </class> <!-- testCases.FileUploadDemo2 -->
    </test> <!-- Test -->
  </suite> <!-- Suite -->
</testng-results>
